<?xml version="1.0" encoding="UTF-8"?>
<!-- Generated by org.testng.reporters.JUnitReportReporter -->
<testsuite skipped="0" hostname="LAPTOP-O8D97V2U" name="testCases.TC001" tests="1" failures="0" timestamp="11 Jun 2021 16:17:44 GMT" time="4.913" errors="0">
  <testcase name="testCase1" time="4.913" classname="testCases.TC001"/>
</testsuite> <!-- testCases.TC001 -->
